PCAD Importer Log
Project : LM3900N.LibPkg

Section : C:\Users\Admin\Desktop\opamp\LM3900N.lia
    Section : PCB Library - LM3900N.PcbLib
        Section : Load Messages
            Warning - 1 : Skipping Token LM3900N On Line 147
            Warning - 1 : Skipping Token attachedSymbol On Line 309
        EndSection

        Section : Import Messages
        EndSection
    EndSection

    Section : SCH Library - LM3900N.SchLib
        Section : Parsing Messages
            Warning - 1 : Skipping Token padStyleDef On Line 9
            Warning - 1 : Skipping Token padStyleDef On Line 21
            Warning - 1 : Skipping Token multiLayer On Line 96
            Warning - 1 : Skipping Token layerContents On Line 112
            Warning - 1 : Skipping Token layerContents On Line 121
            Warning - 1 : Skipping Token layerContents On Line 130
            Warning - 1 : Skipping Token layerContents On Line 136
        EndSection

        Section : Generating SCH Library - LM3900N.SchLib
        EndSection
    EndSection
EndSection
